This is pdfTeX, Version 3.141592653-2.6-1.40.25 (MiKTeX 23.4) (preloaded format=pdflatex 2023.6.2)  18 NOV 2023 15:47
entering extended mode
 restricted \write18 enabled.
 file:line:error style messages enabled.
 %&-line parsing enabled.
**"f:/0/coding/home/projects/latex question paper/calculus/latex-guide/calculus.tex"
(f:/0/coding/home/projects/latex question paper/calculus/latex-guide/calculus.tex
LaTeX2e <2022-11-01> patch level 1
L3 programming layer <2023-03-30> (C:\Users\User\AppData\Local\Programs\MiKTeX\tex/latex/base\article.cls
Document Class: article 2022/07/02 v1.4n Standard LaTeX document class
(C:\Users\User\AppData\Local\Programs\MiKTeX\tex/latex/base\size12.clo
File: size12.clo 2022/07/02 v1.4n Standard LaTeX file (size option)
)
\c@part=\count185
\c@section=\count186
\c@subsection=\count187
\c@subsubsection=\count188
\c@paragraph=\count189
\c@subparagraph=\count190
\c@figure=\count191
\c@table=\count192
\abovecaptionskip=\skip48
\belowcaptionskip=\skip49
\bibindent=\dimen140
) (C:\Users\User\AppData\Local\Programs\MiKTeX\tex/latex/graphics\graphicx.sty
Package: graphicx 2021/09/16 v1.2d Enhanced LaTeX Graphics (DPC,SPQR)
 (C:\Users\User\AppData\Local\Programs\MiKTeX\tex/latex/graphics\keyval.sty
Package: keyval 2022/05/29 v1.15 key=value parser (DPC)
\KV@toks@=\toks16
) (C:\Users\User\AppData\Local\Programs\MiKTeX\tex/latex/graphics\graphics.sty
Package: graphics 2022/03/10 v1.4e Standard LaTeX Graphics (DPC,SPQR)
 (C:\Users\User\AppData\Local\Programs\MiKTeX\tex/latex/graphics\trig.sty
Package: trig 2021/08/11 v1.11 sin cos tan (DPC)
) (C:\Users\User\AppData\Local\Programs\MiKTeX\tex/latex/graphics-cfg\graphics.cfg
File: graphics.cfg 2016/06/04 v1.11 sample graphics configuration
)
Package graphics Info: Driver file: pdftex.def on input line 107.
 (C:\Users\User\AppData\Local\Programs\MiKTeX\tex/latex/graphics-def\pdftex.def
File: pdftex.def 2022/09/22 v1.2b Graphics/color driver for pdftex
))
\Gin@req@height=\dimen141
\Gin@req@width=\dimen142
) (C:\Users\User\AppData\Local\Programs\MiKTeX\tex/latex/l3backend\l3backend-pdftex.def
File: l3backend-pdftex.def 2023-03-30 L3 backend support: PDF output (pdfTeX)
\l__color_backend_stack_int=\count193
\l__pdf_internal_box=\box51
) (calculus.aux)
\openout1 = `calculus.aux'.

LaTeX Font Info:    Checking defaults for OML/cmm/m/it on input line 13.
LaTeX Font Info:    ... okay on input line 13.
LaTeX Font Info:    Checking defaults for OMS/cmsy/m/n on input line 13.
LaTeX Font Info:    ... okay on input line 13.
LaTeX Font Info:    Checking defaults for OT1/cmr/m/n on input line 13.
LaTeX Font Info:    ... okay on input line 13.
LaTeX Font Info:    Checking defaults for T1/cmr/m/n on input line 13.
LaTeX Font Info:    ... okay on input line 13.
LaTeX Font Info:    Checking defaults for TS1/cmr/m/n on input line 13.
LaTeX Font Info:    ... okay on input line 13.
LaTeX Font Info:    Checking defaults for OMX/cmex/m/n on input line 13.
LaTeX Font Info:    ... okay on input line 13.
LaTeX Font Info:    Checking defaults for U/cmr/m/n on input line 13.
LaTeX Font Info:    ... okay on input line 13.
 (C:\Users\User\AppData\Local\Programs\MiKTeX\tex/context/base/mkii\supp-pdf.mkii
[Loading MPS to PDF converter (version 2006.09.02).]
\scratchcounter=\count194
\scratchdimen=\dimen143
\scratchbox=\box52
\nofMPsegments=\count195
\nofMParguments=\count196
\everyMPshowfont=\toks17
\MPscratchCnt=\count197
\MPscratchDim=\dimen144
\MPnumerator=\count198
\makeMPintoPDFobject=\count199
\everyMPtoPDFconversion=\toks18
) (C:\Users\User\AppData\Local\Programs\MiKTeX\tex/latex/epstopdf-pkg\epstopdf-base.sty
Package: epstopdf-base 2020-01-24 v2.11 Base part for package epstopdf
Package epstopdf-base Info: Redefining graphics rule for `.eps' on input line 485.
 (C:\Users\User\AppData\Local\Programs\MiKTeX\tex/latex/00miktex\epstopdf-sys.cfg
File: epstopdf-sys.cfg 2021/03/18 v2.0 Configuration of epstopdf for MiKTeX
))
<cu_logo.png, id=1, 150.5625pt x 212.795pt>
File: cu_logo.png Graphic file (type png)
<use cu_logo.png>
Package pdftex.def Info: cu_logo.png  used on input line 18.
(pdftex.def)             Requested size: 50.56631pt x 71.46616pt.
LaTeX Font Info:    External font `cmex10' loaded for size
(Font)              <14.4> on input line 38.
LaTeX Font Info:    External font `cmex10' loaded for size
(Font)              <7> on input line 38.
 [1

{C:/Users/User/AppData/Local/MiKTeX/fonts/map/pdftex/pdftex.map} <./cu_logo.png>] [2] (calculus.aux) ) 
Here is how much of TeX's memory you used:
 1292 strings out of 476331
 22218 string characters out of 5788238
 1856660 words of memory out of 5000000
 21771 multiletter control sequences out of 15000+600000
 514419 words of font info for 39 fonts, out of 8000000 for 9000
 1141 hyphenation exceptions out of 8191
 57i,6n,62p,340b,283s stack positions out of 10000i,1000n,20000p,200000b,200000s
<C:/Users/User/AppData/Local/Programs/MiKTeX/fonts/type1/public/amsfonts/cm/cmbx12.pfb><C:/Users/User/AppData/Local/Programs/MiKTeX/fonts/type1/public/amsfonts/cm/cmex10.pfb><C:/Users/User/AppData/Local/Programs/MiKTeX/fonts/type1/public/amsfonts/cm/cmmi12.pfb><C:/Users/User/AppData/Local/Programs/MiKTeX/fonts/type1/public/amsfonts/cm/cmr10.pfb><C:/Users/User/AppData/Local/Programs/MiKTeX/fonts/type1/public/amsfonts/cm/cmr12.pfb><C:/Users/User/AppData/Local/Programs/MiKTeX/fonts/type1/public/amsfonts/cm/cmsy10.pfb>
Output written on calculus.pdf (2 pages, 85731 bytes).
PDF statistics:
 42 PDF objects out of 1000 (max. 8388607)
 0 named destinations out of 1000 (max. 500000)
 6 words of extra memory for PDF output out of 10000 (max. 10000000)

